[2025-11-11T08:16:29.392Z] [ConnectionError] failed to find or open a port
CustomError: No microbit was recognised.
    at /Users/davideichenberger/Documents/GitHub/maqueen/src/controller/microbitController.ts:224:24

[2025-11-11T08:16:29.395Z] [UserAction] actionFrame
CustomError: No serial port could be opened.
    at MicrobitController.open (/Users/davideichenberger/Documents/GitHub/maqueen/src/controller/microbitController.ts:265:23)
    at /Users/davideichenberger/Documents/GitHub/maqueen/src/controller/microbitController.ts:284:27

[2025-11-11T08:16:51.712Z] [ConnectionError] failed to find or open a port
CustomError: No microbit was recognised.
    at /Users/davideichenberger/Documents/GitHub/maqueen/src/controller/microbitController.ts:224:24

[2025-11-11T08:16:51.714Z] [UserAction] actionFrame
CustomError: No serial port could be opened.
    at MicrobitController.open (/Users/davideichenberger/Documents/GitHub/maqueen/src/controller/microbitController.ts:265:23)
    at /Users/davideichenberger/Documents/GitHub/maqueen/src/controller/microbitController.ts:284:27

[2025-11-11T08:19:31.198Z] [ConnectionError] failed to find or open a port
CustomError: No microbit was recognised.
    at /Users/davideichenberger/Documents/GitHub/maqueen/src/controller/microbitController.ts:224:24

[2025-11-11T08:19:31.201Z] [UserAction] actionFrame
CustomError: No serial port could be opened.
    at MicrobitController.open (/Users/davideichenberger/Documents/GitHub/maqueen/src/controller/microbitController.ts:265:23)
    at /Users/davideichenberger/Documents/GitHub/maqueen/src/controller/microbitController.ts:284:27

[2025-11-11T08:23:24.428Z] [ConnectionError] failed to find or open a port
CustomError: No microbit was recognised.[]
    at /Users/davideichenberger/Documents/GitHub/maqueen/src/controller/microbitController.ts:224:24

[2025-11-11T08:23:24.433Z] [UserAction] actionFrame
CustomError: No serial port could be opened.
    at MicrobitController.open (/Users/davideichenberger/Documents/GitHub/maqueen/src/controller/microbitController.ts:265:23)
    at /Users/davideichenberger/Documents/GitHub/maqueen/src/controller/microbitController.ts:284:27

[2025-11-12T21:34:40.355Z] [ConnectionError] failed to find or open a port
CustomError: No microbit was recognised.[]
    at /Users/davideichenberger/Documents/GitHub/maqueen/src/controller/microbitController.ts:224:24

[2025-11-12T21:34:40.356Z] [UserAction] actionFrame
CustomError: No serial port could be opened.
    at MicrobitController.open (/Users/davideichenberger/Documents/GitHub/maqueen/src/controller/microbitController.ts:265:23)
    at /Users/davideichenberger/Documents/GitHub/maqueen/src/controller/microbitController.ts:284:27

[2025-11-12T21:35:17.496Z] [ConnectionError] failed to find or open a port
CustomError: No microbit was recognised.[]
    at /Users/davideichenberger/Documents/GitHub/maqueen/src/controller/microbitController.ts:224:24

[2025-11-12T21:35:17.498Z] [UserAction] actionFrame
CustomError: No serial port could be opened.
    at MicrobitController.open (/Users/davideichenberger/Documents/GitHub/maqueen/src/controller/microbitController.ts:265:23)
    at /Users/davideichenberger/Documents/GitHub/maqueen/src/controller/microbitController.ts:284:27

